<?xml version="1.0" encoding="UTF-8"?>
<!-- Generated by org.testng.reporters.JUnitReportReporter -->
<testsuite hostname="DESKTOP-RG6CFTP" failures="0" tests="1" name="com.mindtree.pageobject.HomePage" time="33.061" errors="0" timestamp="2021-10-22T13:58:18 IST" skipped="0">
  <testcase classname="com.mindtree.pageobject.HomePage" name="logintest" time="33.061"/>
  <system-out/>
</testsuite> <!-- com.mindtree.pageobject.HomePage -->
