<?xml version="1.0" encoding="UTF-8"?>
<!-- Generated by org.testng.reporters.JUnitReportReporter -->
<testsuite hostname="DESKTOP-RG6CFTP" failures="0" tests="1" name="com.mindtree.pageobject.HindiBooks" time="25.824" errors="0" timestamp="2021-10-22T13:58:18 IST" skipped="0">
  <testcase classname="com.mindtree.pageobject.HindiBooks" name="hindibooks" time="25.824"/>
  <system-out/>
</testsuite> <!-- com.mindtree.pageobject.HindiBooks -->
