<?xml version="1.0" encoding="UTF-8"?>
<!-- Generated by org.testng.reporters.JUnitReportReporter -->
<testsuite hostname="DESKTOP-RG6CFTP" failures="0" tests="1" name="com.mindtree.runner.demo" time="0.333" errors="0" timestamp="2021-10-19T12:49:51 IST" skipped="0">
  <testcase classname="com.mindtree.runner.demo" name="validatingTitle" time="0.333"/>
  <system-out/>
</testsuite> <!-- com.mindtree.runner.demo -->
