<?xml version="1.0" encoding="UTF-8"?>
<!-- Generated by org.testng.reporters.JUnitReportReporter -->
<testsuite hostname="DESKTOP-RG6CFTP" failures="0" tests="1" name="com.mindtree.pageobject.HomePage" time="48.189" errors="0" timestamp="28 Oct 2021 13:07:48 GMT">
  <testcase classname="com.mindtree.pageobject.HomePage" name="logintest" time="48.189"/>
</testsuite> <!-- com.mindtree.pageobject.HomePage -->
